<?xml version="1.0" encoding="UTF-8"?>
<!-- Generated by org.testng.reporters.JUnitReportReporter -->
<testsuite hostname="DESKTOP-DAG9GGF" failures="0" tests="1" name="day1.HTTPREquest" time="0.068" errors="0" timestamp="2023-12-29T10:54:41 IST" skipped="0">
  <testcase classname="day1.HTTPREquest" name="gettingUser" time="0.068"/>
</testsuite> <!-- day1.HTTPREquest -->
