<?xml version="1.0" encoding="UTF-8"?>
<!-- Generated by org.testng.reporters.JUnitReportReporter -->
<testsuite hostname="DESKTOP-DAG9GGF" failures="0" tests="1" name="ResponseValidations.ValidatingResponse" time="10.927" errors="0" timestamp="2024-03-01T10:07:06 IST" skipped="0">
  <testcase classname="ResponseValidations.ValidatingResponse" name="gettingsingleuser" time="10.927"/>
  <system-out/>
</testsuite> <!-- ResponseValidations.ValidatingResponse -->
