<?xml version="1.0" encoding="UTF-8"?>
<!-- Generated by org.testng.reporters.JUnitReportReporter -->
<testsuite hostname="DESKTOP-DAG9GGF" failures="0" tests="2" name="RestAssure.HTTPS_GET_Request" time="15.856" errors="0" timestamp="2024-02-21T18:29:49 IST" skipped="0">
  <testcase classname="RestAssure.HTTPS_GET_Request" name="bdd" time="15.246"/>
  <system-out/>
  <testcase classname="RestAssure.HTTPS_GET_Request" name="test1" time="0.610"/>
  <system-out/>
</testsuite> <!-- RestAssure.HTTPS_GET_Request -->
