<?xml version="1.0" encoding="UTF-8"?>
<!-- Generated by org.testng.reporters.JUnitReportReporter -->
<testsuite hostname="DESKTOP-DAG9GGF" failures="0" tests="1" name="RestAssure.HTTPS_POST_Request" time="8.520" errors="0" timestamp="2024-02-21T19:41:48 IST" skipped="0">
  <testcase classname="RestAssure.HTTPS_POST_Request" name="post" time="8.520"/>
  <system-out/>
</testsuite> <!-- RestAssure.HTTPS_POST_Request -->
