<?xml version="1.0" encoding="UTF-8"?>
<!-- Generated by org.testng.reporters.JUnitReportReporter -->
<testsuite hostname="DESKTOP-DAG9GGF" failures="0" tests="1" name="RestAssure.HTTPS_PUT_Request" time="9.255" errors="0" timestamp="2024-02-21T19:45:27 IST" skipped="0">
  <testcase classname="RestAssure.HTTPS_PUT_Request" name="put" time="9.255"/>
  <system-out/>
</testsuite> <!-- RestAssure.HTTPS_PUT_Request -->
