<?xml version="1.0" encoding="UTF-8"?>
<!-- Generated by org.testng.reporters.JUnitReportReporter -->
<testsuite hostname="DESKTOP-DAG9GGF" failures="0" tests="1" name="RestAssure.HTTPS_DELETE_Request" time="12.780" errors="0" timestamp="2024-02-27T21:00:52 IST" skipped="0">
  <testcase classname="RestAssure.HTTPS_DELETE_Request" name="delete" time="12.780"/>
  <system-out/>
</testsuite> <!-- RestAssure.HTTPS_DELETE_Request -->
