<?xml version="1.0" encoding="UTF-8"?>
<!-- Generated by org.testng.reporters.JUnitReportReporter -->
<testsuite hostname="DESKTOP-DAG9GGF" failures="0" tests="1" name="RestAssure.HTTPS_PATCH_Request" time="21.218" errors="0" timestamp="2024-02-21T20:01:02 IST" skipped="0">
  <testcase classname="RestAssure.HTTPS_PATCH_Request" name="patch" time="21.218"/>
  <system-out/>
</testsuite> <!-- RestAssure.HTTPS_PATCH_Request -->
