<?xml version="1.0" encoding="UTF-8"?>
<!-- Generated by org.testng.reporters.JUnitReportReporter -->
<testsuite hostname="DESKTOP-DAG9GGF" failures="0" tests="1" name="ResponseValidations.checkForValidReposnse" time="7.566" errors="0" timestamp="2024-03-02T09:19:42 IST" skipped="0">
  <testcase classname="ResponseValidations.checkForValidReposnse" name="gettingSingleUser" time="7.566"/>
  <system-out/>
</testsuite> <!-- ResponseValidations.checkForValidReposnse -->
